<?xml version="1.0" encoding="UTF-8"?>
<!-- Generated by org.testng.reporters.JUnitXMLReporter -->
<testsuite ignored="0" hostname="QSP" failures="0" tests="4" name="Test" time="0.209" errors="0" timestamp="2021-07-23T15:37:53 IST">
  <testcase classname="aaaaaaaa.Test1" name="tc1" time="0.03"/>
  <testcase classname="aaaaaaaa.Test0" name="tc1" time="0.01"/>
  <testcase classname="aaaaaaaa.Test3" name="tc1" time="0.011"/>
  <testcase classname="aaaaaaaa.Test2" name="tc1" time="0.006"/>
</testsuite> <!-- Test -->
